Startpoint: reset (input port clocked by clk)
Endpoint: _121_ (recovery check against rising-edge clock clk)
Path Group: asynchronous
Path Type: max

  Delay    Time   Description
---------------------------------------------------------
   0.00    0.00   clock clk (rise edge)
   0.00    0.00   clock network delay (ideal)
   2.00    2.00 v input external delay
   0.08    2.08 v reset (in)
   0.08    2.15 ^ _117_/Y (sky130_fd_sc_hd__clkinv_1)
   0.00    2.15 ^ _121_/RESET_B (sky130_fd_sc_hd__dfrtp_1)
           2.15   data arrival time

  10.00   10.00   clock clk (rise edge)
   0.00   10.00   clock network delay (ideal)
   0.00   10.00   clock reconvergence pessimism
          10.00 ^ _121_/CLK (sky130_fd_sc_hd__dfrtp_1)
   0.22   10.22   library recovery time
          10.22   data required time
---------------------------------------------------------
          10.22   data required time
          -2.15   data arrival time
---------------------------------------------------------
           8.06   slack (MET)


Startpoint: b[1] (input port clocked by clk)
Endpoint: out[4] (output port clocked by clk)
Path Group: clk
Path Type: max

  Delay    Time   Description
---------------------------------------------------------
   0.00    0.00   clock clk (rise edge)
   0.00    0.00   clock network delay (ideal)
   2.00    2.00 v input external delay
   0.07    2.07 v b[1] (in)
   0.34    2.41 ^ _064_/Y (sky130_fd_sc_hd__xnor2_1)
   0.17    2.58 v _068_/Y (sky130_fd_sc_hd__a21oi_1)
   0.41    2.98 v _070_/X (sky130_fd_sc_hd__maj3_1)
   0.21    3.19 ^ _101_/Y (sky130_fd_sc_hd__o21ai_0)
   0.09    3.28 v _102_/X (sky130_fd_sc_hd__xor2_1)
   0.16    3.44 ^ _103_/Y (sky130_fd_sc_hd__nor2_1)
   1.11    4.56 ^ _115_/X (sky130_fd_sc_hd__o41a_4)
   0.04    4.59 ^ out[4] (out)
           4.59   data arrival time

  10.00   10.00   clock clk (rise edge)
   0.00   10.00   clock network delay (ideal)
   0.00   10.00   clock reconvergence pessimism
  -1.00    9.00   output external delay
           9.00   data required time
---------------------------------------------------------
           9.00   data required time
          -4.59   data arrival time
---------------------------------------------------------
           4.41   slack (MET)


